<?xml version="1.0" encoding="UTF-8"?>
<!-- Generated by org.testng.reporters.JUnitXMLReporter -->
<testsuite ignored="0" hostname="LAPTOP-D0S4ISVA" failures="0" tests="4" name="case1" time="0.028" errors="0" timestamp="24 Jun 2018 09:30:36 GMT">
  <testcase classname="mavenGroupId.mavenArtifactId_1.TestConfiguration" name="runTest1" time="0.003"/>
  <testcase classname="mavenGroupId.mavenArtifactId_1.TestConfiguration" name="runTest2" time="0.001"/>
  <testcase classname="mavenGroupId.mavenArtifactId_1.TestDBConnection" name="runOtherTest1" time="0.001"/>
  <testcase classname="mavenGroupId.mavenArtifactId_1.TestDBConnection" name="runOtherTest2" time="0.001"/>
</testsuite> <!-- case1 -->
